[Info  - 22:43:45.197] Reading sessions from keychain...
[Info  - 22:43:45.293] No stored sessions found.
[Info  - 22:43:45.298] Getting sessions for openid,profile,email,offline_access...
[Info  - 22:43:45.299] Got 0 sessions for email,offline_access,openid,profile...
[Info  - 23:07:01.186] Getting sessions for all scopes...
[Info  - 23:07:01.186] Got 0 sessions for all scopes...
[Info  - 23:07:08.535] Getting sessions for all scopes...
[Info  - 23:07:08.535] Got 0 sessions for all scopes...
[Info  - 23:07:13.392] Getting sessions for openid,profile,email,offline_access...
[Info  - 23:07:13.392] Got 0 sessions for email,offline_access,openid,profile...
[Info  - 23:11:49.868] Getting sessions for all scopes...
[Info  - 23:11:49.868] Got 0 sessions for all scopes...
[Info  - 23:11:55.305] Getting sessions for openid,profile,email,offline_access...
[Info  - 23:11:55.305] Got 0 sessions for email,offline_access,openid,profile...
[Info  - 23:17:19.649] Getting sessions for all scopes...
[Info  - 23:17:19.649] Got 0 sessions for all scopes...
[Info  - 23:17:29.276] Getting sessions for openid,profile,email,offline_access...
[Info  - 23:17:29.277] Got 0 sessions for email,offline_access,openid,profile...
[Info  - 23:17:46.164] Getting sessions for openid,profile,email,offline_access...
[Info  - 23:17:46.164] Got 0 sessions for email,offline_access,openid,profile...
[Info  - 23:17:46.165] Getting sessions for openid,profile,email,offline_access...
[Info  - 23:17:46.165] Got 0 sessions for email,offline_access,openid,profile...
[Info  - 23:18:30.634] Getting sessions for all scopes...
[Info  - 23:18:30.634] Got 0 sessions for all scopes...
[Info  - 23:18:44.467] Getting sessions for all scopes...
[Info  - 23:18:44.468] Got 0 sessions for all scopes...
