[Info  - 22:43:45.460] Reading sessions from keychain...
[Info  - 22:43:45.498] Getting sessions for user:email...
[Info  - 22:43:45.500] Getting sessions for all scopes...
[Info  - 22:43:45.500] Got 0 sessions for user:email...
[Info  - 22:43:45.500] Got 0 sessions for all scopes...
[Info  - 23:07:01.186] Getting sessions for all scopes...
[Info  - 23:07:01.187] Got 0 sessions for all scopes...
[Info  - 23:07:08.536] Getting sessions for all scopes...
[Info  - 23:07:08.536] Got 0 sessions for all scopes...
[Info  - 23:07:13.397] Getting sessions for user:email...
[Info  - 23:07:13.398] Got 0 sessions for user:email...
[Info  - 23:07:15.935] Logging in for the following scopes: user:email
[Info  - 23:11:49.869] Getting sessions for all scopes...
[Info  - 23:11:49.869] Got 0 sessions for all scopes...
[Info  - 23:11:55.311] Getting sessions for user:email...
[Info  - 23:11:55.311] Got 0 sessions for user:email...
[Info  - 23:11:58.2] Logging in for the following scopes: user:email
[Info  - 23:17:19.650] Getting sessions for all scopes...
[Info  - 23:17:19.650] Got 0 sessions for all scopes...
[Info  - 23:17:29.282] Getting sessions for user:email...
[Info  - 23:17:29.283] Got 0 sessions for user:email...
[Info  - 23:17:31.205] Logging in for the following scopes: user:email
[Trace  - 23:17:44.708] Handling Uri...
[Info  - 23:17:44.709] Exchanging code for token...
[Info  - 23:17:45.497] Token exchange success!
[Info  - 23:17:45.500] Getting user info...
[Info  - 23:17:46.129] Got account info!
[Info  - 23:17:46.130] Storing 1 sessions...
[Info  - 23:17:46.159] Reading sessions from keychain...
[Info  - 23:17:46.159] Stored 1 sessions!
[Info  - 23:17:46.159] Login success!
[Info  - 23:17:46.166] Getting sessions for user:email...
[Info  - 23:17:46.167] Getting sessions for user:email...
[Trace  - 23:17:46.167] Token acquired from secret storage.
[Info  - 23:17:46.167] Got stored sessions!
[Trace  - 23:17:46.167] Read the following session from the keychain with the following scopes: user:email
[Info  - 23:17:46.167] Got 1 verified sessions.
[Info  - 23:17:46.167] Got 1 sessions for user:email...
[Info  - 23:17:46.167] Got 1 sessions for user:email...
[Info  - 23:18:30.635] Getting sessions for all scopes...
[Info  - 23:18:30.636] Got 1 sessions for all scopes...
[Info  - 23:18:44.468] Getting sessions for all scopes...
[Info  - 23:18:44.469] Got 1 sessions for all scopes...
