Experiment 'pythonaa' is active
Experiment 'pythonTensorboardExperiment' is active
Experiment 'PythonPyTorchProfiler' is active
Experiment 'pythonDeprecatePythonPath' is active
> conda info --json
> ~/Downloads/cursos_pyweek-02b1f3b07f61dcbc7a4d05ac061c35ea97abf315/venv/bin/python ~/.vscode/extensions/ms-python.python-2021.12.1559732655/pythonFiles/interpreterInfo.py
> /bin/python3 ~/.vscode/extensions/ms-python.python-2021.12.1559732655/pythonFiles/interpreterInfo.py
> /usr/bin/python3 ~/.vscode/extensions/ms-python.python-2021.12.1559732655/pythonFiles/interpreterInfo.py
Python interpreter path: ./venv/bin/python
Starting Pylance language server.
> conda --version
> conda --version
> ". /home/giovana/Downloads/cursos_pyweek-02b1f3b07f61dcbc7a4d05ac061c35ea97abf315/venv/bin/activate && echo 'e8b39361-0157-4923-80e1-22d70d46dee6' && python /home/giovana/.vscode/extensions/ms-python.python-2021.12.1559732655/pythonFiles/printEnvVariables.py"
[ERROR 2022-1-2 23:41:22.442]: getActivatedEnvironmentVariables [Error: Command failed: . /home/giovana/Downloads/cursos_pyweek-02b1f3b07f61dcbc7a4d05ac061c35ea97abf315/venv/bin/activate && echo 'e8b39361-0157-4923-80e1-22d70d46dee6' && python /home/giovana/.vscode/extensions/ms-python.python-2021.12.1559732655/pythonFiles/printEnvVariables.py
bash: python: command not found

	at ChildProcess.exithandler (child_process.js:317:12)
	at ChildProcess.emit (events.js:315:20)
	at maybeClose (internal/child_process.js:1048:16)
	at Socket.<anonymous> (internal/child_process.js:439:11)
	at Socket.emit (events.js:315:20)
	at Pipe.<anonymous> (net.js:673:12)] {
  killed: false,
  code: 127,
  signal: null,
  cmd: ". /home/giovana/Downloads/cursos_pyweek-02b1f3b07f61dcbc7a4d05ac061c35ea97abf315/venv/bin/activate && echo 'e8b39361-0157-4923-80e1-22d70d46dee6' && python /home/giovana/.vscode/extensions/ms-python.python-2021.12.1559732655/pythonFiles/printEnvVariables.py"
}
