[2022-01-26 19:44:25.674] [sharedprocess] [info] Installing extension: ms-python.python
[2022-01-26 19:44:29.253] [sharedprocess] [info] Installing extension: ms-toolsai.jupyter
[2022-01-26 19:44:29.254] [sharedprocess] [info] Installing extension: ms-python.vscode-pylance
[2022-01-26 19:44:29.254] [sharedprocess] [info] Extension is already requested to install ms-python.vscode-pylance
[2022-01-26 19:44:38.971] [sharedprocess] [info] Downloaded extension: ms-python.python /home/giovana/.config/Code/CachedExtensionVSIXs/ms-python.python-2021.12.1559732655
[2022-01-26 19:44:38.977] [sharedprocess] [info] Downloaded extension: ms-toolsai.jupyter /home/giovana/.config/Code/CachedExtensionVSIXs/ms-toolsai.jupyter-2021.11.1001550889
[2022-01-26 19:44:39.990] [sharedprocess] [info] Extracted extension to /home/giovana/.vscode/extensions/.5799797d-2bbf-4227-9fcd-ad4d70f4fa57: ms-toolsai.jupyter
[2022-01-26 19:44:40.013] [sharedprocess] [info] Renamed to /home/giovana/.vscode/extensions/ms-toolsai.jupyter-2021.11.1001550889
[2022-01-26 19:44:40.017] [sharedprocess] [info] Extracting completed. ms-toolsai.jupyter
[2022-01-26 19:44:41.365] [sharedprocess] [info] Extracted extension to /home/giovana/.vscode/extensions/.11d84ef4-cf6f-4d37-bcde-5a6429342880: ms-python.python
[2022-01-26 19:44:41.376] [sharedprocess] [info] Renamed to /home/giovana/.vscode/extensions/ms-python.python-2021.12.1559732655
[2022-01-26 19:44:41.379] [sharedprocess] [info] Extracting completed. ms-python.python
[2022-01-26 19:44:49.862] [sharedprocess] [info] Downloaded extension: ms-python.vscode-pylance /home/giovana/.config/Code/CachedExtensionVSIXs/ms-python.vscode-pylance-2022.1.3
[2022-01-26 19:44:52.728] [sharedprocess] [info] Extracted extension to /home/giovana/.vscode/extensions/.c01d5aea-aa2f-49e3-aa31-be11b95d1fc1: ms-python.vscode-pylance
[2022-01-26 19:44:52.738] [sharedprocess] [info] Renamed to /home/giovana/.vscode/extensions/ms-python.vscode-pylance-2022.1.3
[2022-01-26 19:44:52.739] [sharedprocess] [info] Extracting completed. ms-python.vscode-pylance
[2022-01-26 19:44:52.749] [sharedprocess] [info] Extension installed successfully: ms-toolsai.jupyter
[2022-01-26 19:44:52.749] [sharedprocess] [info] Extension installed successfully: ms-python.python
[2022-01-26 19:44:52.750] [sharedprocess] [info] Extension installed successfully: ms-python.vscode-pylance
[2022-01-26 19:52:05.178] [sharedprocess] [info] Installing extension: ritwickdey.liveserver
[2022-01-26 19:52:07.287] [sharedprocess] [info] Downloaded extension: ritwickdey.liveserver /home/giovana/.config/Code/CachedExtensionVSIXs/ritwickdey.liveserver-5.7.4
[2022-01-26 19:52:08.170] [sharedprocess] [info] Extracted extension to /home/giovana/.vscode/extensions/.a9c64810-d1e7-4bb1-9bc2-b08543c0bbb5: ritwickdey.liveserver
[2022-01-26 19:52:08.182] [sharedprocess] [info] Renamed to /home/giovana/.vscode/extensions/ritwickdey.liveserver-5.7.4
[2022-01-26 19:52:08.186] [sharedprocess] [info] Extracting completed. ritwickdey.liveserver
[2022-01-26 19:52:08.191] [sharedprocess] [info] Extension installed successfully: ritwickdey.liveserver
[2022-01-26 19:52:37.176] [sharedprocess] [info] Installing extension: ms-azuretools.vscode-docker
[2022-01-26 19:52:39.380] [sharedprocess] [info] Downloaded extension: ms-azuretools.vscode-docker /home/giovana/.config/Code/CachedExtensionVSIXs/ms-azuretools.vscode-docker-1.19.0
[2022-01-26 19:52:39.607] [sharedprocess] [info] Extracted extension to /home/giovana/.vscode/extensions/.f746f0f8-fa7d-4665-b151-703d914f4238: ms-azuretools.vscode-docker
[2022-01-26 19:52:39.617] [sharedprocess] [info] Renamed to /home/giovana/.vscode/extensions/ms-azuretools.vscode-docker-1.19.0
[2022-01-26 19:52:39.621] [sharedprocess] [info] Extracting completed. ms-azuretools.vscode-docker
[2022-01-26 19:52:39.624] [sharedprocess] [info] Extension installed successfully: ms-azuretools.vscode-docker
[2022-01-26 19:52:51.628] [sharedprocess] [info] Installing extension: eamodio.gitlens
[2022-01-26 19:52:53.899] [sharedprocess] [info] Downloaded extension: eamodio.gitlens /home/giovana/.config/Code/CachedExtensionVSIXs/eamodio.gitlens-11.7.0
[2022-01-26 19:52:54.307] [sharedprocess] [info] Extracted extension to /home/giovana/.vscode/extensions/.6997ff77-6734-4398-9282-417ee1d62da4: eamodio.gitlens
[2022-01-26 19:52:54.324] [sharedprocess] [info] Renamed to /home/giovana/.vscode/extensions/eamodio.gitlens-11.7.0
[2022-01-26 19:52:54.328] [sharedprocess] [info] Extracting completed. eamodio.gitlens
[2022-01-26 19:52:54.335] [sharedprocess] [info] Extension installed successfully: eamodio.gitlens
[2022-01-26 19:53:28.750] [sharedprocess] [info] Installing extension: ecmel.vscode-html-css
[2022-01-26 19:53:30.577] [sharedprocess] [info] Downloaded extension: ecmel.vscode-html-css /home/giovana/.config/Code/CachedExtensionVSIXs/ecmel.vscode-html-css-1.10.2
[2022-01-26 19:53:30.658] [sharedprocess] [info] Extracted extension to /home/giovana/.vscode/extensions/.9b140474-2083-4fb2-95d5-2daaf34296b9: ecmel.vscode-html-css
[2022-01-26 19:53:30.669] [sharedprocess] [info] Renamed to /home/giovana/.vscode/extensions/ecmel.vscode-html-css-1.10.2
[2022-01-26 19:53:30.675] [sharedprocess] [info] Extracting completed. ecmel.vscode-html-css
[2022-01-26 19:53:30.677] [sharedprocess] [info] Extension installed successfully: ecmel.vscode-html-css
[2022-01-26 19:53:46.044] [sharedprocess] [info] Installing extension: abusaidm.html-snippets
[2022-01-26 19:53:47.942] [sharedprocess] [info] Downloaded extension: abusaidm.html-snippets /home/giovana/.config/Code/CachedExtensionVSIXs/abusaidm.html-snippets-0.2.1
[2022-01-26 19:53:48.013] [sharedprocess] [info] Extracted extension to /home/giovana/.vscode/extensions/.9080ccbb-cf23-464c-977c-fc8b07a4a99e: abusaidm.html-snippets
[2022-01-26 19:53:48.028] [sharedprocess] [info] Renamed to /home/giovana/.vscode/extensions/abusaidm.html-snippets-0.2.1
[2022-01-26 19:53:48.034] [sharedprocess] [info] Extracting completed. abusaidm.html-snippets
[2022-01-26 19:53:48.041] [sharedprocess] [info] Extension installed successfully: abusaidm.html-snippets
[2022-01-26 19:53:55.840] [sharedprocess] [info] Installing extension: donjayamanne.githistory
[2022-01-26 19:53:57.874] [sharedprocess] [info] Downloaded extension: donjayamanne.githistory /home/giovana/.config/Code/CachedExtensionVSIXs/donjayamanne.githistory-0.6.19
[2022-01-26 19:53:58.012] [sharedprocess] [info] Extracted extension to /home/giovana/.vscode/extensions/.cb424ff7-03c7-4e1f-9f9d-8fc36fa6e23c: donjayamanne.githistory
[2022-01-26 19:53:58.021] [sharedprocess] [info] Renamed to /home/giovana/.vscode/extensions/donjayamanne.githistory-0.6.19
[2022-01-26 19:53:58.024] [sharedprocess] [info] Extracting completed. donjayamanne.githistory
[2022-01-26 19:53:58.027] [sharedprocess] [info] Extension installed successfully: donjayamanne.githistory
[2022-01-26 19:54:31.291] [sharedprocess] [info] Installing extension: dart-code.dart-code
[2022-01-26 19:54:39.957] [sharedprocess] [info] Downloaded extension: dart-code.dart-code /home/giovana/.config/Code/CachedExtensionVSIXs/dart-code.dart-code-3.32.0
[2022-01-26 19:54:45.394] [sharedprocess] [info] Extracted extension to /home/giovana/.vscode/extensions/.37553530-dc7f-4b82-be0e-cdcb7553b0da: dart-code.dart-code
[2022-01-26 19:54:45.407] [sharedprocess] [info] Renamed to /home/giovana/.vscode/extensions/dart-code.dart-code-3.32.0
[2022-01-26 19:54:45.409] [sharedprocess] [info] Extracting completed. dart-code.dart-code
[2022-01-26 19:54:45.413] [sharedprocess] [info] Extension installed successfully: dart-code.dart-code
[2022-01-26 19:54:50.444] [sharedprocess] [info] Installing extension: dart-code.flutter
[2022-01-26 19:54:51.953] [sharedprocess] [info] Downloaded extension: dart-code.flutter /home/giovana/.config/Code/CachedExtensionVSIXs/dart-code.flutter-3.32.0
[2022-01-26 19:54:52.025] [sharedprocess] [info] Extracted extension to /home/giovana/.vscode/extensions/.5f1cfe7f-b7e0-414d-80da-4974ab60d52d: dart-code.flutter
[2022-01-26 19:54:52.029] [sharedprocess] [info] Renamed to /home/giovana/.vscode/extensions/dart-code.flutter-3.32.0
[2022-01-26 19:54:52.031] [sharedprocess] [info] Extracting completed. dart-code.flutter
[2022-01-26 19:54:52.032] [sharedprocess] [info] Extension installed successfully: dart-code.flutter
[2022-01-26 19:54:57.976] [sharedprocess] [info] Installing extension: batisteo.vscode-django
[2022-01-26 19:54:59.879] [sharedprocess] [info] Downloaded extension: batisteo.vscode-django /home/giovana/.config/Code/CachedExtensionVSIXs/batisteo.vscode-django-1.8.0
[2022-01-26 19:55:00.064] [sharedprocess] [info] Extracted extension to /home/giovana/.vscode/extensions/.60f37f62-08fe-492f-82f4-18b8a79ddea7: batisteo.vscode-django
[2022-01-26 19:55:00.068] [sharedprocess] [info] Renamed to /home/giovana/.vscode/extensions/batisteo.vscode-django-1.8.0
[2022-01-26 19:55:00.068] [sharedprocess] [info] Extracting completed. batisteo.vscode-django
[2022-01-26 19:55:00.072] [sharedprocess] [info] Extension installed successfully: batisteo.vscode-django
