[2022-02-01 18:02:21.987] [exthost] [info] Extension host with pid 19863 started
[2022-02-01 18:02:21.987] [exthost] [info] Skipping acquiring lock for /home/giovana/.config/Code/User/workspaceStorage/5cb3c861ae3dfb3a61040bd1ffd9043d.
[2022-02-01 18:02:22.156] [exthost] [info] ExtensionService#_doActivateExtension vscode.microsoft-authentication, startup: false, activationEvent: 'onAuthenticationRequest:microsoft'
[2022-02-01 18:02:22.167] [exthost] [info] ExtensionService#_doActivateExtension vscode.debug-auto-launch, startup: true, activationEvent: '*'
[2022-02-01 18:02:22.169] [exthost] [info] ExtensionService#_doActivateExtension vscode.git-base, startup: true, activationEvent: '*', root cause: vscode.github
[2022-02-01 18:02:22.171] [exthost] [info] ExtensionService#_doActivateExtension TabNine.tabnine-vscode, startup: true, activationEvent: '*'
[2022-02-01 18:02:22.327] [exthost] [info] ExtensionService#_doActivateExtension vscode.github, startup: true, activationEvent: '*'
[2022-02-01 18:02:22.331] [exthost] [info] ExtensionService#_doActivateExtension vscode.configuration-editing, startup: false, activationEvent: 'onLanguage:jsonc'
[2022-02-01 18:02:22.334] [exthost] [info] ExtensionService#_doActivateExtension vscode.json-language-features, startup: false, activationEvent: 'onLanguage:jsonc'
[2022-02-01 18:02:22.373] [exthost] [info] ExtensionService#_doActivateExtension vscode.typescript-language-features, startup: false, activationEvent: 'onLanguage:jsonc'
[2022-02-01 18:02:22.507] [exthost] [info] Eager extensions activated
[2022-02-01 18:02:22.560] [exthost] [info] ExtensionService#_doActivateExtension vscode.emmet, startup: false, activationEvent: 'onStartupFinished'
[2022-02-01 18:02:22.596] [exthost] [info] ExtensionService#_doActivateExtension vscode.merge-conflict, startup: false, activationEvent: 'onStartupFinished'
[2022-02-01 18:02:22.599] [exthost] [info] ExtensionService#_doActivateExtension eamodio.gitlens, startup: false, activationEvent: 'onStartupFinished'
[2022-02-01 18:02:22.714] [exthost] [info] ExtensionService#_doActivateExtension vscode.github-authentication, startup: false, activationEvent: 'onAuthenticationRequest:github'
[2022-02-01 18:02:25.562] [exthost] [info] ExtensionService#_doActivateExtension vscode.git, startup: false, activationEvent: 'api', root cause: vscode.github
[2022-02-01 18:02:25.584] [exthost] [info] ExtensionService#_doActivateExtension donjayamanne.githistory, startup: false, activationEvent: '*'
[2022-02-01 18:02:25.621] [exthost] [info] ExtensionService#_doActivateExtension ecmel.vscode-html-css, startup: false, activationEvent: '*'
[2022-02-01 18:02:25.646] [exthost] [info] ExtensionService#_doActivateExtension mhutchie.git-graph, startup: false, activationEvent: '*'
[2022-02-01 18:02:44.206] [exthost] [info] ExtensionService#_doActivateExtension vscode.extension-editing, startup: false, activationEvent: 'onLanguage:markdown'
[2022-02-01 18:02:44.225] [exthost] [info] ExtensionService#_doActivateExtension vscode.markdown-language-features, startup: false, activationEvent: 'onLanguage:markdown'
[2022-02-01 18:02:44.806] [exthost] [info] ExtensionService#_doActivateExtension vscode.markdown-math, startup: false, activationEvent: 'api', root cause: vscode.markdown-language-features
[2022-02-01 18:03:30.862] [exthost] [info] extension host terminating: renderer closed the socket
[2022-02-01 18:03:30.889] [exthost] [warning] {"name":"Canceled"}
[2022-02-01 18:03:31.232] [exthost] [info] Extension host with pid 19863 exiting with code 0
