[2022-02-02 22:52:27.247] [exthost] [info] Extension host with pid 53030 started
[2022-02-02 22:52:27.247] [exthost] [info] Skipping acquiring lock for /home/giovana/.config/Code/User/workspaceStorage/871d39e5cc388e7928ffc4768525f8df.
[2022-02-02 22:52:27.393] [exthost] [info] ExtensionService#_doActivateExtension vscode.microsoft-authentication, startup: false, activationEvent: 'onAuthenticationRequest:microsoft'
[2022-02-02 22:52:27.406] [exthost] [info] ExtensionService#_doActivateExtension vscode.debug-auto-launch, startup: true, activationEvent: '*'
[2022-02-02 22:52:27.409] [exthost] [info] ExtensionService#_doActivateExtension vscode.git-base, startup: true, activationEvent: '*', root cause: vscode.github
[2022-02-02 22:52:27.418] [exthost] [info] ExtensionService#_doActivateExtension donjayamanne.githistory, startup: true, activationEvent: '*'
[2022-02-02 22:52:27.475] [exthost] [info] ExtensionService#_doActivateExtension ecmel.vscode-html-css, startup: true, activationEvent: '*'
[2022-02-02 22:52:27.504] [exthost] [info] ExtensionService#_doActivateExtension mhutchie.git-graph, startup: true, activationEvent: '*'
[2022-02-02 22:52:27.517] [exthost] [info] ExtensionService#_doActivateExtension TabNine.tabnine-vscode, startup: true, activationEvent: '*'
[2022-02-02 22:52:27.530] [exthost] [info] ExtensionService#_doActivateExtension ms-python.python, startup: true, activationEvent: 'workspaceContains:requirements.txt'
[2022-02-02 22:52:27.949] [exthost] [info] ExtensionService#_doActivateExtension vscode.git, startup: false, activationEvent: 'api', root cause: donjayamanne.githistory
[2022-02-02 22:52:28.060] [exthost] [info] ExtensionService#_doActivateExtension vscode.configuration-editing, startup: false, activationEvent: 'onLanguage:jsonc'
[2022-02-02 22:52:28.062] [exthost] [info] ExtensionService#_doActivateExtension vscode.json-language-features, startup: false, activationEvent: 'onLanguage:jsonc'
[2022-02-02 22:52:28.075] [exthost] [info] ExtensionService#_doActivateExtension vscode.typescript-language-features, startup: false, activationEvent: 'onLanguage:jsonc'
[2022-02-02 22:52:28.085] [exthost] [info] ExtensionService#_doActivateExtension vscode.github, startup: true, activationEvent: '*'
[2022-02-02 22:52:28.224] [exthost] [info] Eager extensions activated
[2022-02-02 22:52:28.258] [exthost] [info] ExtensionService#_doActivateExtension vscode.github-authentication, startup: false, activationEvent: 'onAuthenticationRequest:github'
[2022-02-02 22:52:28.272] [exthost] [info] ExtensionService#_doActivateExtension vscode.emmet, startup: false, activationEvent: 'onStartupFinished'
[2022-02-02 22:52:28.277] [exthost] [info] ExtensionService#_doActivateExtension vscode.merge-conflict, startup: false, activationEvent: 'onStartupFinished'
[2022-02-02 22:52:28.278] [exthost] [info] ExtensionService#_doActivateExtension eamodio.gitlens, startup: false, activationEvent: 'onStartupFinished'
[2022-02-02 22:52:29.107] [exthost] [info] ExtensionService#_doActivateExtension ms-python.vscode-pylance, startup: false, activationEvent: 'api', root cause: ms-python.python
[2022-02-02 22:52:41.952] [exthost] [warning] [Decorations] CAPPING events from decorations provider vscode.git 10000
[2022-02-02 23:41:21.345] [exthost] [info] ExtensionService#_doActivateExtension batisteo.vscode-django, startup: false, activationEvent: 'onLanguage:python'
[2022-02-02 23:41:21.375] [exthost] [info] ExtensionService#_doActivateExtension ms-toolsai.jupyter, startup: false, activationEvent: 'onLanguage:python'
[2022-02-02 23:57:52.817] [exthost] [error] [ms-python.python] provider FAILED
[2022-02-02 23:57:52.817] [exthost] [error] TypeError: Cannot read property 'length' of undefined
	at /home/giovana/.vscode/extensions/ms-python.python-2021.12.1559732655/out/client/extension.js:67:257359
	at p (/home/giovana/.vscode/extensions/ms-python.python-2021.12.1559732655/out/client/extension.js:67:262355)
	at async z.provideCompletionItems (/usr/share/code/resources/app/out/vs/workbench/services/extensions/node/extensionHostProcess.js:95:101516)
[2022-02-03 00:03:06.567] [exthost] [error] [ms-python.python] provider FAILED
[2022-02-03 00:03:06.567] [exthost] [error] TypeError: Cannot read property 'length' of undefined
	at /home/giovana/.vscode/extensions/ms-python.python-2021.12.1559732655/out/client/extension.js:67:257359
	at p (/home/giovana/.vscode/extensions/ms-python.python-2021.12.1559732655/out/client/extension.js:67:262355)
	at async z.provideCompletionItems (/usr/share/code/resources/app/out/vs/workbench/services/extensions/node/extensionHostProcess.js:95:101516)
[2022-02-03 00:07:41.913] [exthost] [error] [ms-python.python] provider FAILED
[2022-02-03 00:07:41.914] [exthost] [error] Canceled: Canceled
	at S.makeCancelError (/home/giovana/.vscode/extensions/ms-python.python-2021.12.1559732655/out/client/extension.js:24:159824)
	at S.handleFailedRequest (/home/giovana/.vscode/extensions/ms-python.python-2021.12.1559732655/out/client/extension.js:24:159675)
	at /home/giovana/.vscode/extensions/ms-python.python-2021.12.1559732655/out/client/extension.js:67:230734
	at async ne.provideFoldingRanges (/usr/share/code/resources/app/out/vs/workbench/services/extensions/node/extensionHostProcess.js:95:107898)
[2022-02-03 00:07:42.809] [exthost] [error] [ms-python.python] provider FAILED
[2022-02-03 00:07:42.809] [exthost] [error] Canceled: Canceled
	at S.makeCancelError (/home/giovana/.vscode/extensions/ms-python.python-2021.12.1559732655/out/client/extension.js:24:159824)
	at S.handleFailedRequest (/home/giovana/.vscode/extensions/ms-python.python-2021.12.1559732655/out/client/extension.js:24:159675)
	at /home/giovana/.vscode/extensions/ms-python.python-2021.12.1559732655/out/client/extension.js:24:127536
	at async T.provideCodeActions (/usr/share/code/resources/app/out/vs/workbench/services/extensions/node/extensionHostProcess.js:95:93216)
[2022-02-03 00:08:27.674] [exthost] [error] [ms-python.python] provider FAILED
[2022-02-03 00:08:27.674] [exthost] [error] Canceled: Canceled
	at S.makeCancelError (/home/giovana/.vscode/extensions/ms-python.python-2021.12.1559732655/out/client/extension.js:24:159824)
	at S.handleFailedRequest (/home/giovana/.vscode/extensions/ms-python.python-2021.12.1559732655/out/client/extension.js:24:159675)
	at /home/giovana/.vscode/extensions/ms-python.python-2021.12.1559732655/out/client/extension.js:24:127536
	at async T.provideCodeActions (/usr/share/code/resources/app/out/vs/workbench/services/extensions/node/extensionHostProcess.js:95:93216)
[2022-02-03 00:08:31.212] [exthost] [error] [ms-python.python] provider FAILED
[2022-02-03 00:08:31.213] [exthost] [error] Canceled: Canceled
	at S.makeCancelError (/home/giovana/.vscode/extensions/ms-python.python-2021.12.1559732655/out/client/extension.js:24:159824)
	at S.handleFailedRequest (/home/giovana/.vscode/extensions/ms-python.python-2021.12.1559732655/out/client/extension.js:24:159675)
	at /home/giovana/.vscode/extensions/ms-python.python-2021.12.1559732655/out/client/extension.js:24:127536
	at async T.provideCodeActions (/usr/share/code/resources/app/out/vs/workbench/services/extensions/node/extensionHostProcess.js:95:93216)
[2022-02-03 00:08:31.476] [exthost] [error] [ms-python.python] provider FAILED
[2022-02-03 00:08:31.477] [exthost] [error] Canceled: Canceled
	at S.makeCancelError (/home/giovana/.vscode/extensions/ms-python.python-2021.12.1559732655/out/client/extension.js:24:159824)
	at S.handleFailedRequest (/home/giovana/.vscode/extensions/ms-python.python-2021.12.1559732655/out/client/extension.js:24:159675)
	at /home/giovana/.vscode/extensions/ms-python.python-2021.12.1559732655/out/client/extension.js:67:230734
	at async ne.provideFoldingRanges (/usr/share/code/resources/app/out/vs/workbench/services/extensions/node/extensionHostProcess.js:95:107898)
[2022-02-03 00:08:43.551] [exthost] [error] [ms-python.python] provider FAILED
[2022-02-03 00:08:43.551] [exthost] [error] Canceled: Canceled
	at S.makeCancelError (/home/giovana/.vscode/extensions/ms-python.python-2021.12.1559732655/out/client/extension.js:24:159824)
	at S.handleFailedRequest (/home/giovana/.vscode/extensions/ms-python.python-2021.12.1559732655/out/client/extension.js:24:159675)
	at /home/giovana/.vscode/extensions/ms-python.python-2021.12.1559732655/out/client/extension.js:24:127536
	at async T.provideCodeActions (/usr/share/code/resources/app/out/vs/workbench/services/extensions/node/extensionHostProcess.js:95:93216)
[2022-02-03 00:13:57.468] [exthost] [error] [ms-python.python] provider FAILED
[2022-02-03 00:13:57.468] [exthost] [error] Canceled: Canceled
	at S.makeCancelError (/home/giovana/.vscode/extensions/ms-python.python-2021.12.1559732655/out/client/extension.js:24:159824)
	at S.handleFailedRequest (/home/giovana/.vscode/extensions/ms-python.python-2021.12.1559732655/out/client/extension.js:24:159675)
	at /home/giovana/.vscode/extensions/ms-python.python-2021.12.1559732655/out/client/extension.js:24:120017
	at async o.provideHover (/usr/share/code/resources/app/out/vs/workbench/services/extensions/node/extensionHostProcess.js:95:90908)
[2022-02-03 00:14:15.604] [exthost] [error] [ms-python.python] provider FAILED
[2022-02-03 00:14:15.604] [exthost] [error] Canceled: Canceled
	at S.makeCancelError (/home/giovana/.vscode/extensions/ms-python.python-2021.12.1559732655/out/client/extension.js:24:159824)
	at S.handleFailedRequest (/home/giovana/.vscode/extensions/ms-python.python-2021.12.1559732655/out/client/extension.js:24:159675)
	at /home/giovana/.vscode/extensions/ms-python.python-2021.12.1559732655/out/client/extension.js:24:127536
	at async T.provideCodeActions (/usr/share/code/resources/app/out/vs/workbench/services/extensions/node/extensionHostProcess.js:95:93216)
[2022-02-03 00:14:22.905] [exthost] [error] [ms-python.python] provider FAILED
[2022-02-03 00:14:22.906] [exthost] [error] Canceled: Canceled
	at S.makeCancelError (/home/giovana/.vscode/extensions/ms-python.python-2021.12.1559732655/out/client/extension.js:24:159824)
	at S.handleFailedRequest (/home/giovana/.vscode/extensions/ms-python.python-2021.12.1559732655/out/client/extension.js:24:159675)
	at /home/giovana/.vscode/extensions/ms-python.python-2021.12.1559732655/out/client/extension.js:24:127536
	at async T.provideCodeActions (/usr/share/code/resources/app/out/vs/workbench/services/extensions/node/extensionHostProcess.js:95:93216)
[2022-02-03 00:14:23.860] [exthost] [error] [ms-python.python] provider FAILED
[2022-02-03 00:14:23.860] [exthost] [error] Canceled: Canceled
	at S.makeCancelError (/home/giovana/.vscode/extensions/ms-python.python-2021.12.1559732655/out/client/extension.js:24:159824)
	at S.handleFailedRequest (/home/giovana/.vscode/extensions/ms-python.python-2021.12.1559732655/out/client/extension.js:24:159675)
	at /home/giovana/.vscode/extensions/ms-python.python-2021.12.1559732655/out/client/extension.js:67:230734
	at async ne.provideFoldingRanges (/usr/share/code/resources/app/out/vs/workbench/services/extensions/node/extensionHostProcess.js:95:107898)
[2022-02-03 00:14:27.460] [exthost] [error] [ms-python.python] provider FAILED
[2022-02-03 00:14:27.461] [exthost] [error] Canceled: Canceled
	at S.makeCancelError (/home/giovana/.vscode/extensions/ms-python.python-2021.12.1559732655/out/client/extension.js:24:159824)
	at S.handleFailedRequest (/home/giovana/.vscode/extensions/ms-python.python-2021.12.1559732655/out/client/extension.js:24:159675)
	at /home/giovana/.vscode/extensions/ms-python.python-2021.12.1559732655/out/client/extension.js:24:127536
	at async T.provideCodeActions (/usr/share/code/resources/app/out/vs/workbench/services/extensions/node/extensionHostProcess.js:95:93216)
[2022-02-03 00:14:29.104] [exthost] [error] [ms-python.python] provider FAILED
[2022-02-03 00:14:29.104] [exthost] [error] Canceled: Canceled
	at S.makeCancelError (/home/giovana/.vscode/extensions/ms-python.python-2021.12.1559732655/out/client/extension.js:24:159824)
	at S.handleFailedRequest (/home/giovana/.vscode/extensions/ms-python.python-2021.12.1559732655/out/client/extension.js:24:159675)
	at /home/giovana/.vscode/extensions/ms-python.python-2021.12.1559732655/out/client/extension.js:24:127536
	at async T.provideCodeActions (/usr/share/code/resources/app/out/vs/workbench/services/extensions/node/extensionHostProcess.js:95:93216)
[2022-02-03 00:14:31.726] [exthost] [error] [ms-python.python] provider FAILED
[2022-02-03 00:14:31.727] [exthost] [error] Canceled: Canceled
	at S.makeCancelError (/home/giovana/.vscode/extensions/ms-python.python-2021.12.1559732655/out/client/extension.js:24:159824)
	at S.handleFailedRequest (/home/giovana/.vscode/extensions/ms-python.python-2021.12.1559732655/out/client/extension.js:24:159675)
	at /home/giovana/.vscode/extensions/ms-python.python-2021.12.1559732655/out/client/extension.js:24:127536
	at async T.provideCodeActions (/usr/share/code/resources/app/out/vs/workbench/services/extensions/node/extensionHostProcess.js:95:93216)
[2022-02-03 00:14:58.188] [exthost] [error] [ms-python.python] provider FAILED
[2022-02-03 00:14:58.188] [exthost] [error] TypeError: Cannot read property 'length' of undefined
	at /home/giovana/.vscode/extensions/ms-python.python-2021.12.1559732655/out/client/extension.js:67:257359
	at p (/home/giovana/.vscode/extensions/ms-python.python-2021.12.1559732655/out/client/extension.js:67:262355)
	at async z.provideCompletionItems (/usr/share/code/resources/app/out/vs/workbench/services/extensions/node/extensionHostProcess.js:95:101516)
[2022-02-03 00:14:58.369] [exthost] [error] [ms-python.python] provider FAILED
[2022-02-03 00:14:58.369] [exthost] [error] Canceled: Canceled
	at S.makeCancelError (/home/giovana/.vscode/extensions/ms-python.python-2021.12.1559732655/out/client/extension.js:24:159824)
	at S.handleFailedRequest (/home/giovana/.vscode/extensions/ms-python.python-2021.12.1559732655/out/client/extension.js:24:159675)
	at /home/giovana/.vscode/extensions/ms-python.python-2021.12.1559732655/out/client/extension.js:24:127536
	at async T.provideCodeActions (/usr/share/code/resources/app/out/vs/workbench/services/extensions/node/extensionHostProcess.js:95:93216)
[2022-02-03 00:15:05.599] [exthost] [error] [ms-python.python] provider FAILED
[2022-02-03 00:15:05.599] [exthost] [error] Canceled: Canceled
	at S.makeCancelError (/home/giovana/.vscode/extensions/ms-python.python-2021.12.1559732655/out/client/extension.js:24:159824)
	at S.handleFailedRequest (/home/giovana/.vscode/extensions/ms-python.python-2021.12.1559732655/out/client/extension.js:24:159675)
	at /home/giovana/.vscode/extensions/ms-python.python-2021.12.1559732655/out/client/extension.js:67:230734
	at async ne.provideFoldingRanges (/usr/share/code/resources/app/out/vs/workbench/services/extensions/node/extensionHostProcess.js:95:107898)
