[2022-02-01 14:40:00.274] [main] [info] update#setState idle
[2022-02-01 14:40:00.331] [main] [info] ExtensionHostStarterWorker created
[2022-02-01 14:40:01.496] [main] [info] Starting extension host with pid 11544 (fork() took 12 ms).
[2022-02-01 14:40:30.279] [main] [info] update#setState checking for updates
[2022-02-01 14:40:30.613] [main] [info] update#setState idle
[2022-02-01 15:40:31.016] [main] [info] update#setState checking for updates
[2022-02-01 15:40:32.411] [main] [info] update#setState idle
[2022-02-01 16:40:31.121] [main] [info] update#setState checking for updates
[2022-02-01 16:40:32.748] [main] [info] update#setState idle
[2022-02-01 17:40:31.136] [main] [info] update#setState checking for updates
[2022-02-01 17:40:32.851] [main] [info] update#setState idle
[2022-02-01 18:02:20.912] [main] [info] Starting extension host with pid 19863 (fork() took 6 ms).
[2022-02-01 18:03:31.256] [main] [info] Extension host with pid 19863 exited with code: 0, signal: null.
[2022-02-01 18:40:31.225] [main] [info] update#setState checking for updates
[2022-02-01 18:40:32.653] [main] [info] update#setState idle
[2022-02-01 19:40:31.296] [main] [info] update#setState checking for updates
[2022-02-01 19:40:35.834] [main] [info] update#setState idle
[2022-02-02 00:58:27.297] [main] [info] update#setState checking for updates
[2022-02-02 00:58:29.057] [main] [info] update#setState idle
[2022-02-02 09:53:35.440] [main] [info] update#setState checking for updates
[2022-02-02 09:53:36.632] [main] [info] update#setState idle
[2022-02-02 15:05:28.796] [main] [info] update#setState checking for updates
[2022-02-02 15:05:30.242] [main] [info] update#setState idle
[2022-02-02 22:34:01.711] [main] [info] update#setState checking for updates
[2022-02-02 22:34:03.120] [main] [info] update#setState idle
[2022-02-02 22:34:04.152] [main] [info] Starting extension host with pid 38564 (fork() took 7 ms).
[2022-02-02 22:36:37.155] [main] [info] Extension host with pid 38564 exited with code: 0, signal: null.
[2022-02-02 22:47:04.636] [main] [info] Starting extension host with pid 51218 (fork() took 8 ms).
[2022-02-02 22:49:51.154] [main] [info] Extension host with pid 51218 exited with code: 0, signal: null.
[2022-02-02 22:52:26.428] [main] [info] Starting extension host with pid 53030 (fork() took 8 ms).
[2022-02-02 23:19:13.593] [main] [info] Starting extension host with pid 55712 (fork() took 6 ms).
[2022-02-02 23:24:25.212] [main] [info] Extension host with pid 55712 exited with code: 0, signal: null.
[2022-02-02 23:25:17.312] [main] [info] Starting extension host with pid 56971 (fork() took 8 ms).
[2022-02-02 23:34:01.739] [main] [info] update#setState checking for updates
[2022-02-02 23:34:03.155] [main] [info] update#setState idle
[2022-02-02 23:39:08.270] [main] [info] Extension host with pid 56971 exited with code: 0, signal: null.
