[2022-02-01 14:40:12.731] [sharedprocess] [info] Starting worker process with pid 11603 (type: watcherServiceParcelSharedProcess, window: 1).
[2022-02-01 14:40:13.164] [sharedprocess] [info] Deleted from disk dart-code.flutter /home/giovana/.vscode/extensions/dart-code.flutter-3.32.0
[2022-02-01 14:40:13.185] [sharedprocess] [info] Deleted from disk dart-code.dart-code /home/giovana/.vscode/extensions/dart-code.dart-code-3.32.0
[2022-02-01 14:40:13.388] [sharedprocess] [info] Deleted from disk ms-python.vscode-pylance /home/giovana/.vscode/extensions/ms-python.vscode-pylance-2022.1.3
[2022-02-01 16:21:51.594] [sharedprocess] [info] Installing extension: tabnine.tabnine-vscode
[2022-02-01 16:21:53.744] [sharedprocess] [info] Downloaded extension: tabnine.tabnine-vscode /home/giovana/.config/Code/CachedExtensionVSIXs/tabnine.tabnine-vscode-3.5.18
[2022-02-01 16:21:53.825] [sharedprocess] [info] Extracted extension to /home/giovana/.vscode/extensions/.9f322c07-115c-4d18-91e3-b39c6e8ef2a7: tabnine.tabnine-vscode
[2022-02-01 16:21:53.830] [sharedprocess] [info] Renamed to /home/giovana/.vscode/extensions/tabnine.tabnine-vscode-3.5.18
[2022-02-01 16:21:53.832] [sharedprocess] [info] Extracting completed. tabnine.tabnine-vscode
[2022-02-01 16:21:53.837] [sharedprocess] [info] Extension installed successfully: tabnine.tabnine-vscode
[2022-02-01 16:22:26.407] [sharedprocess] [info] Installing extension: mhutchie.git-graph
[2022-02-01 16:22:29.612] [sharedprocess] [info] Downloaded extension: mhutchie.git-graph /home/giovana/.config/Code/CachedExtensionVSIXs/mhutchie.git-graph-1.30.0
[2022-02-01 16:22:29.794] [sharedprocess] [info] Extracted extension to /home/giovana/.vscode/extensions/.d0890706-d194-4580-895e-ed73cbc1df9a: mhutchie.git-graph
[2022-02-01 16:22:29.802] [sharedprocess] [info] Renamed to /home/giovana/.vscode/extensions/mhutchie.git-graph-1.30.0
[2022-02-01 16:22:29.803] [sharedprocess] [info] Extracting completed. mhutchie.git-graph
[2022-02-01 16:22:29.806] [sharedprocess] [info] Extension installed successfully: mhutchie.git-graph
[2022-02-01 18:02:20.978] [sharedprocess] [info] Starting worker process with pid 19870 (type: watcherServiceParcelSharedProcess, window: 3).
[2022-02-01 18:03:30.877] [sharedprocess] [info] Worker process with pid 19870 terminated normally (type: watcherServiceParcelSharedProcess, window: 3).
[2022-02-02 00:34:06.368] [sharedprocess] [error] SharedProcess (worker, watcherServiceParcelSharedProcess): Worker process with pid 11603 terminated by itself with code null, signal: SIGSEGV (type: watcherServiceParcelSharedProcess, window: 1)
[2022-02-02 00:34:06.407] [sharedprocess] [info] Starting worker process with pid 25827 (type: watcherServiceParcelSharedProcess, window: 1).
[2022-02-02 14:45:03.828] [sharedprocess] [warning] No ptyHost heartbeat after 6 seconds
[2022-02-02 22:34:04.450] [sharedprocess] [info] Starting worker process with pid 38576 (type: watcherServiceParcelSharedProcess, window: 4).
[2022-02-02 22:36:36.209] [sharedprocess] [info] Worker process with pid 38576 terminated normally (type: watcherServiceParcelSharedProcess, window: 4).
[2022-02-02 22:47:04.688] [sharedprocess] [info] Starting worker process with pid 51219 (type: watcherServiceParcelSharedProcess, window: 5).
[2022-02-02 22:49:50.178] [sharedprocess] [info] Worker process with pid 51219 terminated normally (type: watcherServiceParcelSharedProcess, window: 5).
[2022-02-02 22:52:26.462] [sharedprocess] [info] Starting worker process with pid 53033 (type: watcherServiceParcelSharedProcess, window: 6).
[2022-02-02 23:19:13.695] [sharedprocess] [info] Starting worker process with pid 55720 (type: watcherServiceParcelSharedProcess, window: 7).
[2022-02-02 23:24:24.232] [sharedprocess] [info] Worker process with pid 55720 terminated normally (type: watcherServiceParcelSharedProcess, window: 7).
[2022-02-02 23:25:17.360] [sharedprocess] [info] Starting worker process with pid 56972 (type: watcherServiceParcelSharedProcess, window: 8).
[2022-02-02 23:39:07.197] [sharedprocess] [info] Worker process with pid 56972 terminated normally (type: watcherServiceParcelSharedProcess, window: 8).
